c:\users\di_wu\desktop\wooengine\bin\debug\intermediate\vc140.pdb
c:\users\di_wu\desktop\wooengine\bin\debug\intermediate\vc140.idb
c:\users\di_wu\desktop\wooengine\bin\debug\intermediate\platform.obj
c:\users\di_wu\desktop\wooengine\bin\debug\intermediate\texture-atlas.obj
c:\users\di_wu\desktop\wooengine\bin\debug\intermediate\texture-font.obj
c:\users\di_wu\desktop\wooengine\bin\debug\intermediate\ftvector.obj
c:\users\di_wu\desktop\wooengine\bin\debug\intermediate\utf8-utils.obj
c:\users\di_wu\desktop\wooengine\bin\debug\intermediate\vertexbuffer.obj
c:\users\di_wu\desktop\wooengine\bin\debug\intermediate\text.obj
c:\users\di_wu\desktop\wooengine\bin\debug\intermediate\fileutility.obj
c:\users\di_wu\desktop\wooengine\bin\debug\intermediate\imageutility.obj
c:\users\di_wu\desktop\wooengine\bin\debug\intermediate\indexbuffer.obj
c:\users\di_wu\desktop\wooengine\bin\debug\intermediate\layer.obj
c:\users\di_wu\desktop\wooengine\bin\debug\intermediate\main.obj
c:\users\di_wu\desktop\wooengine\bin\debug\intermediate\matrice.obj
c:\users\di_wu\desktop\wooengine\bin\debug\intermediate\parentrenderable.obj
c:\users\di_wu\desktop\wooengine\bin\debug\intermediate\renderable.obj
c:\users\di_wu\desktop\wooengine\bin\debug\intermediate\renderer.obj
c:\users\di_wu\desktop\wooengine\bin\debug\intermediate\shader.obj
c:\users\di_wu\desktop\wooengine\bin\debug\intermediate\sprite.obj
c:\users\di_wu\desktop\wooengine\bin\debug\intermediate\staticsprite.obj
c:\users\di_wu\desktop\wooengine\bin\debug\intermediate\texture.obj
c:\users\di_wu\desktop\wooengine\bin\debug\intermediate\tilelayer.obj
c:\users\di_wu\desktop\wooengine\bin\debug\intermediate\timer.obj
c:\users\di_wu\desktop\wooengine\bin\debug\intermediate\vector.obj
c:\users\di_wu\desktop\wooengine\bin\debug\intermediate\vertexarray.obj
c:\users\di_wu\desktop\wooengine\bin\debug\intermediate\window.obj
c:\users\di_wu\desktop\wooengine\bin\debug\intermediate\basicrenderer.obj
c:\users\di_wu\desktop\wooengine\bin\debug\intermediate\batchrenderer.obj
c:\users\di_wu\desktop\wooengine\bin\debug\intermediate\font.obj
c:\users\di_wu\desktop\wooengine\bin\debug\wooenginecore.ilk
c:\users\di_wu\desktop\wooengine\bin\debug\wooenginecore.exe
c:\users\di_wu\desktop\wooengine\bin\debug\wooenginecore.pdb
c:\users\di_wu\desktop\wooengine\bin\debug\wooenginecore.lib
c:\users\di_wu\desktop\wooengine\bin\debug\wooenginecore.exp
c:\users\di_wu\desktop\wooengine\bin\debug\intermediate\wooenginecore.tlog\cl.command.1.tlog
c:\users\di_wu\desktop\wooengine\bin\debug\intermediate\wooenginecore.tlog\cl.read.1.tlog
c:\users\di_wu\desktop\wooengine\bin\debug\intermediate\wooenginecore.tlog\cl.write.1.tlog
c:\users\di_wu\desktop\wooengine\bin\debug\intermediate\wooenginecore.tlog\link.command.1.tlog
c:\users\di_wu\desktop\wooengine\bin\debug\intermediate\wooenginecore.tlog\link.read.1.tlog
c:\users\di_wu\desktop\wooengine\bin\debug\intermediate\wooenginecore.tlog\link.write.1.tlog
c:\users\di_wu\desktop\wooengine\bin\debug\intermediate\wooenginecore.tlog\wooenginecore.write.1u.tlog
